<?xml version="1.0" encoding="UTF-8"?>
<!-- Generated by org.testng.reporters.JUnitReportReporter -->
<testsuite hostname="DESKTOP-UGOTE62" failures="0" tests="1" name="com.sphomepage.C_SPHomePage" time="66.843" errors="0" timestamp="2023-05-19T12:57:18 IST" skipped="0">
  <testcase classname="com.sphomepage.C_SPHomePage" name="Test_A" time="66.843"/>
  <system-out/>
</testsuite> <!-- com.sphomepage.C_SPHomePage -->
