<?xml version="1.0" encoding="UTF-8"?>
<!-- Generated by org.testng.reporters.JUnitReportReporter -->
<testsuite hostname="DESKTOP-UGOTE62" failures="0" tests="1" name="com.homeseller.ChromeFunctionalTest" time="31.999" errors="0" timestamp="2023-05-16T20:49:21 IST" skipped="0">
  <testcase classname="com.homeseller.ChromeFunctionalTest" name="Test_C" time="31.999"/>
  <system-out/>
</testsuite> <!-- com.homeseller.ChromeFunctionalTest -->
