<?xml version="1.0" encoding="UTF-8"?>
<!-- Generated by org.testng.reporters.JUnitReportReporter -->
<testsuite hostname="DESKTOP-UGOTE62" failures="0" tests="1" name="com.articles.C_Articles" time="11.836" errors="0" timestamp="2023-05-18T14:58:56 IST" skipped="0">
  <testcase classname="com.articles.C_Articles" name="Test_A" time="11.836"/>
  <system-out/>
</testsuite> <!-- com.articles.C_Articles -->
