<?xml version="1.0" encoding="UTF-8"?>
<!-- Generated by org.testng.reporters.JUnitReportReporter -->
<testsuite hostname="DESKTOP-UGOTE62" failures="0" tests="1" name="com.news.C_News" time="17.451" errors="0" timestamp="2023-05-18T20:18:50 IST" skipped="0">
  <testcase classname="com.news.C_News" name="Test_A" time="17.451"/>
  <system-out/>
</testsuite> <!-- com.news.C_News -->
