<?xml version="1.0" encoding="UTF-8"?>
<!-- Generated by org.testng.reporters.JUnitReportReporter -->
<testsuite hostname="DESKTOP-UGOTE62" failures="0" tests="1" name="com.services.C_Services" time="68.090" errors="0" timestamp="2023-05-18T19:41:08 IST" skipped="0">
  <testcase classname="com.services.C_Services" name="Test_A" time="68.090"/>
  <system-out/>
</testsuite> <!-- com.services.C_Services -->
