<?xml version="1.0" encoding="UTF-8"?>
<!-- Generated by org.testng.reporters.JUnitReportReporter -->
<testsuite hostname="DESKTOP-UGOTE62" failures="0" tests="1" name="com.privacypage.C_PrivacyAndPolicy" time="237.124" errors="0" timestamp="2023-05-18T13:13:58 IST" skipped="0">
  <testcase classname="com.privacypage.C_PrivacyAndPolicy" name="Test_A" time="237.124"/>
  <system-out/>
</testsuite> <!-- com.privacypage.C_PrivacyAndPolicy -->
