<?xml version="1.0" encoding="UTF-8"?>
<!-- Generated by org.testng.reporters.JUnitReportReporter -->
<testsuite hostname="DESKTOP-UGOTE62" failures="0" tests="1" name="com.ourstory.C_OurStory" time="146.418" errors="0" timestamp="2023-05-18T12:19:52 IST" skipped="0">
  <testcase classname="com.ourstory.C_OurStory" name="Test_A" time="146.418"/>
  <system-out/>
</testsuite> <!-- com.ourstory.C_OurStory -->
