<?xml version="1.0" encoding="UTF-8"?>
<!-- Generated by org.testng.reporters.JUnitReportReporter -->
<testsuite hostname="DESKTOP-UGOTE62" failures="0" tests="1" name="com.realestate.C_SPRealEstate" time="14.188" errors="0" timestamp="2023-05-31T11:17:10 IST" skipped="0">
  <testcase classname="com.realestate.C_SPRealEstate" name="test_A" time="14.188"/>
  <system-out/>
</testsuite> <!-- com.realestate.C_SPRealEstate -->
