<?xml version="1.0" encoding="UTF-8"?>
<!-- Generated by org.testng.reporters.JUnitReportReporter -->
<testsuite hostname="DESKTOP-UGOTE62" failures="0" tests="1" name="com.homebuyer.C_HomeBuyer" time="34.695" errors="0" timestamp="2023-06-05T14:50:00 IST" skipped="0">
  <testcase classname="com.homebuyer.C_HomeBuyer" name="Test_A" time="34.695"/>
  <system-out/>
</testsuite> <!-- com.homebuyer.C_HomeBuyer -->
