<?xml version="1.0" encoding="UTF-8"?>
<!-- Generated by org.testng.reporters.JUnitReportReporter -->
<testsuite hostname="DESKTOP-UGOTE62" failures="0" tests="1" name="com.privacypage.F_PrivacyAndPolicy" time="242.713" errors="0" timestamp="2023-05-18T13:22:03 IST" skipped="0">
  <testcase classname="com.privacypage.F_PrivacyAndPolicy" name="Test_A" time="242.713"/>
  <system-out/>
</testsuite> <!-- com.privacypage.F_PrivacyAndPolicy -->
