<?xml version="1.0" encoding="UTF-8"?>
<!-- Generated by org.testng.reporters.JUnitReportReporter -->
<testsuite hostname="DESKTOP-UGOTE62" failures="0" tests="1" name="com.droneinspection.E_DroneInspection" time="107.806" errors="0" timestamp="2023-05-18T14:28:05 IST" skipped="0">
  <testcase classname="com.droneinspection.E_DroneInspection" name="Test_A" time="107.806"/>
  <system-out/>
</testsuite> <!-- com.droneinspection.E_DroneInspection -->
