<?xml version="1.0" encoding="UTF-8"?>
<!-- Generated by org.testng.reporters.JUnitReportReporter -->
<testsuite hostname="DESKTOP-UGOTE62" failures="0" tests="1" name="com.articlesdetails.C_ArticlesDetails" time="126.464" errors="0" timestamp="2023-05-18T14:51:02 IST" skipped="0">
  <testcase classname="com.articlesdetails.C_ArticlesDetails" name="Test_A" time="126.464"/>
  <system-out/>
</testsuite> <!-- com.articlesdetails.C_ArticlesDetails -->
