<?xml version="1.0" encoding="UTF-8"?>
<!-- Generated by org.testng.reporters.JUnitReportReporter -->
<testsuite hostname="DESKTOP-UGOTE62" failures="0" tests="1" name="com.homeowner.C_SPHomeOwner" time="49.260" errors="0" timestamp="2023-05-30T09:59:14 IST" skipped="0">
  <testcase classname="com.homeowner.C_SPHomeOwner" name="Test_A" time="49.260"/>
  <system-out/>
</testsuite> <!-- com.homeowner.C_SPHomeOwner -->
