<?xml version="1.0" encoding="UTF-8"?>
<!-- Generated by org.testng.reporters.JUnitReportReporter -->
<testsuite hostname="DESKTOP-UGOTE62" failures="0" tests="1" name="com.newsdetails.C_NewsDetails" time="10.968" errors="0" timestamp="2023-05-18T20:26:16 IST" skipped="0">
  <testcase classname="com.newsdetails.C_NewsDetails" name="Test_A" time="10.968"/>
  <system-out/>
</testsuite> <!-- com.newsdetails.C_NewsDetails -->
