<?xml version="1.0" encoding="UTF-8"?>
<!-- Generated by org.testng.reporters.JUnitReportReporter -->
<testsuite hostname="DESKTOP-UGOTE62" failures="0" tests="1" name="com.windifference.C_WinDifference" time="124.656" errors="0" timestamp="2023-05-19T16:24:06 IST" skipped="0">
  <testcase classname="com.windifference.C_WinDifference" name="Test_A" time="124.656"/>
  <system-out/>
</testsuite> <!-- com.windifference.C_WinDifference -->
