<?xml version="1.0" encoding="UTF-8"?>
<!-- Generated by org.testng.reporters.JUnitReportReporter -->
<testsuite hostname="DESKTOP-UGOTE62" failures="0" tests="1" name="com.corphome.C_CorpHomepage" time="106.720" errors="0" timestamp="2023-05-30T16:22:52 IST" skipped="0">
  <testcase classname="com.corphome.C_CorpHomepage" name="Test_C" time="106.720"/>
  <system-out/>
</testsuite> <!-- com.corphome.C_CorpHomepage -->
