<?xml version="1.0" encoding="UTF-8"?>
<!-- Generated by org.testng.reporters.JUnitReportReporter -->
<testsuite hostname="DESKTOP-UGOTE62" failures="0" tests="1" name="com.droneinspection.C_DroneInspection" time="100.905" errors="0" timestamp="2023-05-18T13:43:02 IST" skipped="0">
  <testcase classname="com.droneinspection.C_DroneInspection" name="Test_A" time="100.905"/>
  <system-out/>
</testsuite> <!-- com.droneinspection.C_DroneInspection -->
