<?xml version="1.0" encoding="UTF-8"?>
<!-- Generated by org.testng.reporters.JUnitReportReporter -->
<testsuite hostname="DESKTOP-UGOTE62" failures="0" tests="1" name="com.resourcepage.ResourceCenter" time="10.659" errors="0" timestamp="2023-05-16T21:19:14 IST" skipped="0">
  <testcase classname="com.resourcepage.ResourceCenter" name="Test_A" time="10.659"/>
  <system-out/>
</testsuite> <!-- com.resourcepage.ResourceCenter -->
