<?xml version="1.0" encoding="UTF-8"?>
<!-- Generated by org.testng.reporters.JUnitReportReporter -->
<testsuite hostname="DESKTOP-UGOTE62" failures="0" tests="1" name="com.homepage.FunctionaTest" time="29.358" errors="0" timestamp="2023-05-10T17:42:16 IST" skipped="0">
  <testcase classname="com.homepage.FunctionaTest" name="Test_C" time="29.358"/>
  <system-out/>
</testsuite> <!-- com.homepage.FunctionaTest -->
